<?xml version="1.0" encoding="UTF-8" ?>
<testsuites>
<testsuite name="Frisby Test: Listando os regulamentos do usuário corrente" errors="0" tests="1" failures="0" time="0.686" timestamp="2016-09-21T15:49:48">
  <testcase classname="Frisby Test: Listando os regulamentos do usuário corrente" name="
	[ GET http://btmgm.tokenlab.com.br/api/terms ]" time="0.685"></testcase>
</testsuite>
</testsuites>