<?xml version="1.0" encoding="UTF-8" ?>
<testsuites>
<testsuite name="Frisby Test: Logando Usuário" errors="0" tests="1" failures="1" time="0.939" timestamp="2016-09-21T15:49:47">
  <testcase classname="Frisby Test: Logando Usuário" name="
	[ POST http://btmgm.tokenlab.com.br/api/auth/web ]" time="0.935"><failure type="expect" message="Error: Expected &amp;apos;undefined&amp;apos; to be type &amp;apos;string&amp;apos; on key &amp;apos;token2&amp;apos;">Error: Expected &amp;apos;undefined&amp;apos; to be type &amp;apos;string&amp;apos; on key &amp;apos;token2&amp;apos;
    at _jsonContainsTypes (/home/liuriloami/ctrlsec/tests/node_modules/frisby/lib/frisby.js:1327:15)
    at jasmine.Matchers.toContainJsonTypes (/home/liuriloami/ctrlsec/tests/node_modules/frisby/lib/frisby.js:1201:12)
    at null.&amp;lt;anonymous&amp;gt; (/home/liuriloami/ctrlsec/tests/node_modules/frisby/lib/frisby.js:633:24)
    at null.&amp;lt;anonymous&amp;gt; (/home/liuriloami/ctrlsec/tests/node_modules/frisby/lib/frisby.js:1074:43)
    at jasmine.Block.execute (/usr/local/lib/node_modules/jasmine-node/lib/jasmine-node/jasmine-1.3.1.js:1145:17)
    at jasmine.Queue.next_ (/usr/local/lib/node_modules/jasmine-node/lib/jasmine-node/jasmine-1.3.1.js:2177:31)
    at null._onTimeout (/usr/local/lib/node_modules/jasmine-node/lib/jasmine-node/jasmine-1.3.1.js:2167:18)
    at Timer.listOnTimeout (timers.js:92:15)</failure></testcase>
</testsuite>
</testsuites>