<?xml version="1.0" encoding="UTF-8" ?>
<testsuites>
<testsuite name="Frisby Test: Listando os regulamentos do usuário corrente" errors="1" tests="1" failures="1" time="1.238" timestamp="2016-09-21T11:00:06">
  <testcase classname="Frisby Test: Listando os regulamentos do usuário corrente" name="
	[ GET http://btmgm.tokenlab.com.br/api/terms ]" time="1.238"></testcase>
</testsuite>
</testsuites>